<?xml version="1.0" encoding="UTF-8"?>
<!-- Generated by org.testng.reporters.JUnitReportReporter -->
<testsuite skipped="0" hostname="SGLPCDYLDB3" name="Testapi.Testapi.Testeq" tests="1" failures="0" timestamp="2022-03-02T11:17:50 SGT" time="6.186" errors="0">
  <testcase name="user" time="6.186" classname="Testapi.Testapi.Testeq"/>
</testsuite> <!-- Testapi.Testapi.Testeq -->
