<?xml version="1.0" encoding="UTF-8"?>
<!-- Generated by org.testng.reporters.JUnitReportReporter -->
<testsuite skipped="0" hostname="SGLPCDYLDB3" name="Testapi.Testapi.Testeq" tests="1" failures="0" timestamp="2022-03-01T15:24:52 SGT" time="4.641" errors="0">
  <testcase name="queryParamTest" time="4.641" classname="Testapi.Testapi.Testeq"/>
</testsuite> <!-- Testapi.Testapi.Testeq -->
